#
# A fatal error has been detected by the Java Runtime Environment:
#
#  EXCEPTION_ACCESS_VIOLATION (0xc0000005) at pc=0x00007ffb8c8e72a6, pid=45268, tid=0x000000000000a2ec
#
# JRE version: Java(TM) SE Runtime Environment (8.0_171-b11) (build 1.8.0_171-b11)
# Java VM: Java HotSpot(TM) 64-Bit Server VM (25.171-b11 mixed mode windows-amd64 compressed oops)
# Problematic frame:
# C  [ntdll.dll+0x72a6]
#
# Failed to write core dump. Minidumps are not enabled by default on client versions of Windows
#
# If you would like to submit a bug report, please visit:
#   http://bugreport.java.com/bugreport/crash.jsp
# The crash happened outside the Java Virtual Machine in native code.
# See problematic frame for where to report the bug.
#

---------------  T H R E A D  ---------------

Current thread (0x0000000021e69800):  JavaThread "Thread-13" [_thread_in_native, id=41708, stack(0x00000000246e0000,0x00000000247e0000)]

siginfo: ExceptionCode=0xc0000005, writing address 0x0000000000000024

Registers:
RAX=0x0000000000000000, RBX=0x0000000002c70fd8, RCX=0x0000000002c70fd8, RDX=0x00000000fffffffe
RSP=0x00000000247de6f0, RBP=0x0000000022159400, RSI=0x0000000000000000, RDI=0x0000000000000000
R8 =0x0000000000000000, R9 =0x0000000000000000, R10=0x0000000000000000, R11=0x00000000247de6d0
R12=0x0000000000000000, R13=0x0000000000abe000, R14=0x0000000000000003, R15=0x0000000000000000
RIP=0x00007ffb8c8e72a6, EFLAGS=0x0000000000010213

Top of Stack: (sp=0x00000000247de6f0)
0x00000000247de6f0:   ffffffffffffffff 0000000002c70fd8
0x00000000247de700:   0000000000000000 0000000000000000
0x00000000247de710:   0000000000000000 0000000000000000
0x00000000247de720:   0000000000000000 0000000000000000
0x00000000247de730:   0000000000000000 00000000fffffffe
0x00000000247de740:   0000000000abe000 0000000000000000
0x00000000247de750:   0000000022eb1360 00007ffb4f79c7e8
0x00000000247de760:   000000000000012c 0000000000000000
0x00000000247de770:   0000000000000001 00000000000007d0
0x00000000247de780:   0000209b50e9be26 00007ffb4f79a95d
0x00000000247de790:   0000000000000001 0000000000000003
0x00000000247de7a0:   0000000000000001 0000000000000001
0x00000000247de7b0:   00000000000007cf 0000000002c70fd8
0x00000000247de7c0:   0000000022159401 00007ffb8c8fb576
0x00000000247de7d0:   0000000000000000 0000000000000000
0x00000000247de7e0:   00000000fffffffe 0000000000000000 

Instructions: (pc=0x00007ffb8c8e72a6)
0x00007ffb8c8e7286:   48 39 73 18 0f 84 d1 00 00 00 48 8b 03 48 83 f8
0x00007ffb8c8e7296:   ff 0f 84 d1 00 00 00 44 8b fe 48 83 f8 ff 74 03
0x00007ffb8c8e72a6:   ff 40 24 4c 8b 73 18 4c 8d 2d 44 82 15 00 bd 22
0x00007ffb8c8e72b6:   17 00 00 e8 c2 94 03 00 85 c0 0f 85 9e 18 0a 00 


Register to memory mapping:

RAX=0x0000000000000000 is an unknown value
RBX=0x0000000002c70fd8 is an unknown value
RCX=0x0000000002c70fd8 is an unknown value
RDX=0x00000000fffffffe is an unknown value
RSP=0x00000000247de6f0 is pointing into the stack for thread: 0x0000000021e69800
RBP=0x0000000022159400 is an unknown value
RSI=0x0000000000000000 is an unknown value
RDI=0x0000000000000000 is an unknown value
R8 =0x0000000000000000 is an unknown value
R9 =0x0000000000000000 is an unknown value
R10=0x0000000000000000 is an unknown value
R11=0x00000000247de6d0 is pointing into the stack for thread: 0x0000000021e69800
R12=0x0000000000000000 is an unknown value
R13=0x0000000000abe000 is an unknown value
R14=0x0000000000000003 is an unknown value
R15=0x0000000000000000 is an unknown value


Stack: [0x00000000246e0000,0x00000000247e0000],  sp=0x00000000247de6f0,  free space=1017k
Native frames: (J=compiled Java code, j=interpreted, Vv=VM code, C=native code)
C  [ntdll.dll+0x72a6]
C  [ntdll.dll+0x1b576]
C  [ntdll.dll+0x1b3c0]
C  [ZKFPCap.dll+0x3148]
C  [ZKFPCap.dll+0x1e37]
C  [libzkfp.dll+0x4dd7]
C  [libzkfp.dll+0x2fb4]
C  0x0000000003674e0d

Java frames: (J=compiled Java code, j=interpreted, Vv=VM code)
J 3701  com.zkteco.biometric.ZKFPService.AcquireTemplate(J[B[B[I)I (0 bytes) @ 0x0000000003674d87 [0x0000000003674d00+0x87]
J 3700 C1 com.zkteco.biometric.FingerprintSensorEx.AcquireFingerprint(J[B[B[I)I (9 bytes) @ 0x00000000036749e4 [0x00000000036749a0+0x44]
j  com.fms.fingerprint.web.ZkService$WorkThread.run()V+33
v  ~StubRoutines::call_stub

---------------  P R O C E S S  ---------------

Java Threads: ( => current thread )
  0x0000000021eb4000 JavaThread "container-0" [_thread_blocked, id=46236, stack(0x0000000022bc0000,0x0000000022cc0000)]
  0x0000000021ebb000 JavaThread "Catalina-utility-2" [_thread_blocked, id=10516, stack(0x0000000020ff0000,0x00000000210f0000)]
  0x0000000021eb5800 JavaThread "Catalina-utility-1" [_thread_blocked, id=27008, stack(0x0000000001160000,0x0000000001260000)]
  0x0000000021eba000 JavaThread "restartedMain" [_thread_in_native, id=30012, stack(0x0000000001020000,0x0000000001120000)]
  0x0000000021eb5000 JavaThread "Thread-10" [_thread_blocked, id=38972, stack(0x0000000000f20000,0x0000000001020000)]
=>0x0000000021e69800 JavaThread "Thread-13" [_thread_in_native, id=41708, stack(0x00000000246e0000,0x00000000247e0000)]
  0x0000000021e6e000 JavaThread "DestroyJavaVM" [_thread_blocked, id=43248, stack(0x0000000002cd0000,0x0000000002dd0000)]
  0x000000001e83f800 JavaThread "Live Reload Server" daemon [_thread_in_native, id=42480, stack(0x00000000245e0000,0x00000000246e0000)]
  0x00000000219f0000 JavaThread "Thread-5" [_thread_in_native, id=1148, stack(0x0000000023120000,0x0000000023220000)]
  0x000000001fd8a000 JavaThread "RMI TCP Accept-0" daemon [_thread_in_native, id=17396, stack(0x00000000205b0000,0x00000000206b0000)]
  0x000000001fd81000 JavaThread "RMI TCP Accept-53167" daemon [_thread_in_native, id=16544, stack(0x00000000204b0000,0x00000000205b0000)]
  0x000000001fd6c000 JavaThread "RMI TCP Accept-0" daemon [_thread_in_native, id=25492, stack(0x00000000203b0000,0x00000000204b0000)]
  0x000000001e8db800 JavaThread "Service Thread" daemon [_thread_blocked, id=27104, stack(0x000000001fab0000,0x000000001fbb0000)]
  0x000000001e83d000 JavaThread "C1 CompilerThread3" daemon [_thread_blocked, id=44240, stack(0x000000001f9b0000,0x000000001fab0000)]
  0x000000001e855000 JavaThread "C2 CompilerThread2" daemon [_thread_blocked, id=46836, stack(0x000000001f8b0000,0x000000001f9b0000)]
  0x000000001e84f800 JavaThread "C2 CompilerThread1" daemon [_thread_blocked, id=30252, stack(0x000000001f7b0000,0x000000001f8b0000)]
  0x000000001e83a800 JavaThread "C2 CompilerThread0" daemon [_thread_blocked, id=49072, stack(0x000000001f6b0000,0x000000001f7b0000)]
  0x000000001e835800 JavaThread "JDWP Command Reader" daemon [_thread_in_native, id=31788, stack(0x000000001f5b0000,0x000000001f6b0000)]
  0x000000001e824800 JavaThread "JDWP Event Helper Thread" daemon [_thread_blocked, id=48764, stack(0x000000001f4b0000,0x000000001f5b0000)]
  0x000000001e823000 JavaThread "JDWP Transport Listener: dt_socket" daemon [_thread_blocked, id=31104, stack(0x000000001efe0000,0x000000001f0e0000)]
  0x000000001e812000 JavaThread "Attach Listener" daemon [_thread_blocked, id=48056, stack(0x000000001eee0000,0x000000001efe0000)]
  0x000000001e811000 JavaThread "Signal Dispatcher" daemon [_thread_blocked, id=32096, stack(0x000000001ede0000,0x000000001eee0000)]
  0x000000001e800800 JavaThread "Finalizer" daemon [_thread_blocked, id=22076, stack(0x000000001ebe0000,0x000000001ece0000)]
  0x0000000002ecc000 JavaThread "Reference Handler" daemon [_thread_blocked, id=23532, stack(0x000000001e6e0000,0x000000001e7e0000)]

Other Threads:
  0x000000001c919800 VMThread [stack: 0x000000001e5e0000,0x000000001e6e0000] [id=3332]
  0x000000001fd8e800 WatcherThread [stack: 0x00000000206b0000,0x00000000207b0000] [id=43548]

VM state:not at safepoint (normal execution)

VM Mutex/Monitor currently owned by a thread: None

Heap:
 PSYoungGen      total 116736K, used 33657K [0x000000076b200000, 0x0000000775a80000, 0x00000007c0000000)
  eden space 103936K, 32% used [0x000000076b200000,0x000000076d2de7b8,0x0000000771780000)
  from space 12800K, 0% used [0x0000000771780000,0x0000000771780000,0x0000000772400000)
  to   space 13824K, 0% used [0x0000000774d00000,0x0000000774d00000,0x0000000775a80000)
 ParOldGen       total 109568K, used 10161K [0x00000006c1600000, 0x00000006c8100000, 0x000000076b200000)
  object space 109568K, 9% used [0x00000006c1600000,0x00000006c1fec470,0x00000006c8100000)
 Metaspace       used 30210K, capacity 32350K, committed 32512K, reserved 1077248K
  class space    used 4029K, capacity 4508K, committed 4608K, reserved 1048576K

Card table byte_map: [0x0000000012290000,0x0000000012a90000] byte_map_base: 0x000000000ec85000

Marking Bits: (ParMarkBitMap*) 0x0000000059d308c0
 Begin Bits: [0x00000000137e0000, 0x0000000017788000)
 End Bits:   [0x0000000017788000, 0x000000001b730000)

Polling page: 0x0000000001330000

CodeCache: size=245760Kb used=8321Kb max_used=8321Kb free=237438Kb
 bounds [0x0000000002ed0000, 0x0000000003700000, 0x0000000011ed0000]
 total_blobs=4332 nmethods=3898 adapters=354
 compilation: enabled

Compilation events (10 events):
Event: 82.975 Thread 0x000000001e83d000 3942       1       com.sun.org.apache.xalan.internal.utils.SecuritySupport$4::<init> (10 bytes)
Event: 82.975 Thread 0x000000001e83d000 nmethod 3942 0x00000000036ed7d0 code [0x00000000036ed920, 0x00000000036eda50]
Event: 82.975 Thread 0x000000001e83d000 3943       1       com.sun.org.apache.xalan.internal.utils.SecuritySupport$4::run (8 bytes)
Event: 82.975 Thread 0x000000001e83d000 nmethod 3943 0x00000000036edad0 code [0x00000000036edc80, 0x00000000036edf58]
Event: 82.975 Thread 0x000000001e83d000 3944   !   1       com.sun.org.apache.xalan.internal.utils.SecuritySupport::readJAXPProperty (171 bytes)
Event: 82.976 Thread 0x000000001e83d000 nmethod 3944 0x00000000036ee250 code [0x00000000036ee540, 0x00000000036ef528]
Event: 82.977 Thread 0x000000001e83d000 3945       1       org.apache.tomcat.util.collections.ManagedConcurrentWeakHashMap$Key::hashCode (5 bytes)
Event: 82.977 Thread 0x000000001e83d000 nmethod 3945 0x00000000036f0390 code [0x00000000036f04e0, 0x00000000036f05f0]
Event: 82.977 Thread 0x000000001e83d000 3946       1       java.util.ComparableTimSort::sort (219 bytes)
Event: 82.977 Thread 0x000000001e83d000 nmethod 3946 0x00000000036f09d0 code [0x00000000036f0ba0, 0x00000000036f0fd8]

GC Heap History (10 events):
Event: 21.666 GC heap before
{Heap before GC invocations=6 (full 1):
 PSYoungGen      total 102912K, used 71812K [0x000000076b200000, 0x0000000772e80000, 0x00000007c0000000)
  eden space 92160K, 68% used [0x000000076b200000,0x000000076efb8070,0x0000000770c00000)
  from space 10752K, 80% used [0x0000000771680000,0x0000000771ee90d0,0x0000000772100000)
  to   space 10752K, 0% used [0x0000000770c00000,0x0000000770c00000,0x0000000771680000)
 ParOldGen       total 109568K, used 9950K [0x00000006c1600000, 0x00000006c8100000, 0x000000076b200000)
  object space 109568K, 9% used [0x00000006c1600000,0x00000006c1fb7ad8,0x00000006c8100000)
 Metaspace       used 29855K, capacity 31872K, committed 32128K, reserved 1077248K
  class space    used 3976K, capacity 4389K, committed 4480K, reserved 1048576K
Event: 21.672 GC heap after
Heap after GC invocations=6 (full 1):
 PSYoungGen      total 102912K, used 6675K [0x000000076b200000, 0x0000000772e80000, 0x00000007c0000000)
  eden space 92160K, 0% used [0x000000076b200000,0x000000076b200000,0x0000000770c00000)
  from space 10752K, 62% used [0x0000000770c00000,0x0000000771284fd0,0x0000000771680000)
  to   space 10752K, 0% used [0x0000000772400000,0x0000000772400000,0x0000000772e80000)
 ParOldGen       total 109568K, used 9958K [0x00000006c1600000, 0x00000006c8100000, 0x000000076b200000)
  object space 109568K, 9% used [0x00000006c1600000,0x00000006c1fb9ad8,0x00000006c8100000)
 Metaspace       used 29855K, capacity 31872K, committed 32128K, reserved 1077248K
  class space    used 3976K, capacity 4389K, committed 4480K, reserved 1048576K
}
Event: 21.672 GC heap before
{Heap before GC invocations=7 (full 2):
 PSYoungGen      total 102912K, used 6675K [0x000000076b200000, 0x0000000772e80000, 0x00000007c0000000)
  eden space 92160K, 0% used [0x000000076b200000,0x000000076b200000,0x0000000770c00000)
  from space 10752K, 62% used [0x0000000770c00000,0x0000000771284fd0,0x0000000771680000)
  to   space 10752K, 0% used [0x0000000772400000,0x0000000772400000,0x0000000772e80000)
 ParOldGen       total 109568K, used 9958K [0x00000006c1600000, 0x00000006c8100000, 0x000000076b200000)
  object space 109568K, 9% used [0x00000006c1600000,0x00000006c1fb9ad8,0x00000006c8100000)
 Metaspace       used 29855K, capacity 31872K, committed 32128K, reserved 1077248K
  class space    used 3976K, capacity 4389K, committed 4480K, reserved 1048576K
Event: 21.735 GC heap after
Heap after GC invocations=7 (full 2):
 PSYoungGen      total 102912K, used 0K [0x000000076b200000, 0x0000000772e80000, 0x00000007c0000000)
  eden space 92160K, 0% used [0x000000076b200000,0x000000076b200000,0x0000000770c00000)
  from space 10752K, 0% used [0x0000000770c00000,0x0000000770c00000,0x0000000771680000)
  to   space 10752K, 0% used [0x0000000772400000,0x0000000772400000,0x0000000772e80000)
 ParOldGen       total 109568K, used 11242K [0x00000006c1600000, 0x00000006c8100000, 0x000000076b200000)
  object space 109568K, 10% used [0x00000006c1600000,0x00000006c20fab38,0x00000006c8100000)
 Metaspace       used 29855K, capacity 31872K, committed 32128K, reserved 1077248K
  class space    used 3976K, capacity 4389K, committed 4480K, reserved 1048576K
}
Event: 23.672 GC heap before
{Heap before GC invocations=8 (full 2):
 PSYoungGen      total 102912K, used 92160K [0x000000076b200000, 0x0000000772e80000, 0x00000007c0000000)
  eden space 92160K, 100% used [0x000000076b200000,0x0000000770c00000,0x0000000770c00000)
  from space 10752K, 0% used [0x0000000770c00000,0x0000000770c00000,0x0000000771680000)
  to   space 10752K, 0% used [0x0000000772400000,0x0000000772400000,0x0000000772e80000)
 ParOldGen       total 109568K, used 11242K [0x00000006c1600000, 0x00000006c8100000, 0x000000076b200000)
  object space 109568K, 10% used [0x00000006c1600000,0x00000006c20fab38,0x00000006c8100000)
 Metaspace       used 30042K, capacity 32176K, committed 32384K, reserved 1077248K
  class space    used 4005K, capacity 4459K, committed 4480K, reserved 1048576K
Event: 23.681 GC heap after
Heap after GC invocations=8 (full 2):
 PSYoungGen      total 114688K, used 4015K [0x000000076b200000, 0x0000000775880000, 0x00000007c0000000)
  eden space 103936K, 0% used [0x000000076b200000,0x000000076b200000,0x0000000771780000)
  from space 10752K, 37% used [0x0000000772400000,0x00000007727ebdf0,0x0000000772e80000)
  to   space 12800K, 0% used [0x0000000771780000,0x0000000771780000,0x0000000772400000)
 ParOldGen       total 109568K, used 11250K [0x00000006c1600000, 0x00000006c8100000, 0x000000076b200000)
  object space 109568K, 10% used [0x00000006c1600000,0x00000006c20fcb38,0x00000006c8100000)
 Metaspace       used 30042K, capacity 32176K, committed 32384K, reserved 1077248K
  class space    used 4005K, capacity 4459K, committed 4480K, reserved 1048576K
}
Event: 82.604 GC heap before
{Heap before GC invocations=9 (full 2):
 PSYoungGen      total 114688K, used 66707K [0x000000076b200000, 0x0000000775880000, 0x00000007c0000000)
  eden space 103936K, 60% used [0x000000076b200000,0x000000076ef38ed8,0x0000000771780000)
  from space 10752K, 37% used [0x0000000772400000,0x00000007727ebdf0,0x0000000772e80000)
  to   space 12800K, 0% used [0x0000000771780000,0x0000000771780000,0x0000000772400000)
 ParOldGen       total 109568K, used 11250K [0x00000006c1600000, 0x00000006c8100000, 0x000000076b200000)
  object space 109568K, 10% used [0x00000006c1600000,0x00000006c20fcb38,0x00000006c8100000)
 Metaspace       used 30149K, capacity 32200K, committed 32384K, reserved 1077248K
  class space    used 4018K, capacity 4464K, committed 4480K, reserved 1048576K
Event: 82.606 GC heap after
Heap after GC invocations=9 (full 2):
 PSYoungGen      total 116736K, used 2005K [0x000000076b200000, 0x0000000775a80000, 0x00000007c0000000)
  eden space 103936K, 0% used [0x000000076b200000,0x000000076b200000,0x0000000771780000)
  from space 12800K, 15% used [0x0000000771780000,0x00000007719754d0,0x0000000772400000)
  to   space 13824K, 0% used [0x0000000774d00000,0x0000000774d00000,0x0000000775a80000)
 ParOldGen       total 109568K, used 11258K [0x00000006c1600000, 0x00000006c8100000, 0x000000076b200000)
  object space 109568K, 10% used [0x00000006c1600000,0x00000006c20feb38,0x00000006c8100000)
 Metaspace       used 30149K, capacity 32200K, committed 32384K, reserved 1077248K
  class space    used 4018K, capacity 4464K, committed 4480K, reserved 1048576K
}
Event: 82.606 GC heap before
{Heap before GC invocations=10 (full 3):
 PSYoungGen      total 116736K, used 2005K [0x000000076b200000, 0x0000000775a80000, 0x00000007c0000000)
  eden space 103936K, 0% used [0x000000076b200000,0x000000076b200000,0x0000000771780000)
  from space 12800K, 15% used [0x0000000771780000,0x00000007719754d0,0x0000000772400000)
  to   space 13824K, 0% used [0x0000000774d00000,0x0000000774d00000,0x0000000775a80000)
 ParOldGen       total 109568K, used 11258K [0x00000006c1600000, 0x00000006c8100000, 0x000000076b200000)
  object space 109568K, 10% used [0x00000006c1600000,0x00000006c20feb38,0x00000006c8100000)
 Metaspace       used 30149K, capacity 32200K, committed 32384K, reserved 1077248K
  class space    used 4018K, capacity 4464K, committed 4480K, reserved 1048576K
Event: 82.684 GC heap after
Heap after GC invocations=10 (full 3):
 PSYoungGen      total 116736K, used 0K [0x000000076b200000, 0x0000000775a80000, 0x00000007c0000000)
  eden space 103936K, 0% used [0x000000076b200000,0x000000076b200000,0x0000000771780000)
  from space 12800K, 0% used [0x0000000771780000,0x0000000771780000,0x0000000772400000)
  to   space 13824K, 0% used [0x0000000774d00000,0x0000000774d00000,0x0000000775a80000)
 ParOldGen       total 109568K, used 10161K [0x00000006c1600000, 0x00000006c8100000, 0x000000076b200000)
  object space 109568K, 9% used [0x00000006c1600000,0x00000006c1fec470,0x00000006c8100000)
 Metaspace       used 30147K, capacity 32194K, committed 32384K, reserved 1077248K
  class space    used 4017K, capacity 4462K, committed 4480K, reserved 1048576K
}

Deoptimization events (0 events):
No events

Classes redefined (10 events):
Event: 80.360 Thread 0x000000001c919800 redefined class name=com.fms.fingerprint.listener.ListenerFingerprintCapture, count=1
Event: 80.369 Thread 0x000000001c919800 redefined class name=com.fms.fingerprint.model.ZKContext, count=1
Event: 80.380 Thread 0x000000001c919800 redefined class name=com.fms.fingerprint.model.ZKContext, count=1
Event: 80.391 Thread 0x000000001c919800 redefined class name=com.fms.fingerprint.web.FingerBroadcastController, count=1
Event: 80.403 Thread 0x000000001c919800 redefined class name=com.fms.fingerprint.web.FingerBroadcastController, count=1
Event: 80.413 Thread 0x000000001c919800 redefined class name=com.fms.fingerprint.web.ZKController, count=1
Event: 80.423 Thread 0x000000001c919800 redefined class name=com.fms.fingerprint.web.ZKController, count=1
Event: 80.434 Thread 0x000000001c919800 redefined class name=com.fms.fingerprint.web.ZkService, count=1
Event: 80.443 Thread 0x000000001c919800 redefined class name=com.fms.fingerprint.web.ZkService, count=1
Event: 80.454 Thread 0x000000001c919800 redefined class name=com.fms.fingerprint.web.GreetingController, count=1

Internal exceptions (10 events):
Event: 82.903 Thread 0x0000000021eba000 Exception <a 'java/lang/ArrayIndexOutOfBoundsException'> (0x000000076c98c6a8) thrown at [C:\re\workspace\8-2-build-windows-amd64-cygwin\jdk8u171\10807\hotspot\src\share\vm\runtime\sharedRuntime.cpp, line 605]
Event: 82.910 Thread 0x0000000021eba000 Exception <a 'java/lang/ArrayIndexOutOfBoundsException'> (0x000000076ca18060) thrown at [C:\re\workspace\8-2-build-windows-amd64-cygwin\jdk8u171\10807\hotspot\src\share\vm\runtime\sharedRuntime.cpp, line 605]
Event: 82.911 Thread 0x0000000021eba000 Exception <a 'java/lang/ArrayIndexOutOfBoundsException'> (0x000000076ca2a710) thrown at [C:\re\workspace\8-2-build-windows-amd64-cygwin\jdk8u171\10807\hotspot\src\share\vm\runtime\sharedRuntime.cpp, line 605]
Event: 82.912 Thread 0x0000000021eba000 Exception <a 'java/lang/ArrayIndexOutOfBoundsException'> (0x000000076ca43ef0) thrown at [C:\re\workspace\8-2-build-windows-amd64-cygwin\jdk8u171\10807\hotspot\src\share\vm\runtime\sharedRuntime.cpp, line 605]
Event: 82.915 Thread 0x0000000021eba000 Exception <a 'java/lang/ArrayIndexOutOfBoundsException'> (0x000000076ca95ec0) thrown at [C:\re\workspace\8-2-build-windows-amd64-cygwin\jdk8u171\10807\hotspot\src\share\vm\runtime\sharedRuntime.cpp, line 605]
Event: 82.934 Thread 0x0000000021eba000 Exception <a 'java/lang/ArrayIndexOutOfBoundsException'> (0x000000076cc172d8) thrown at [C:\re\workspace\8-2-build-windows-amd64-cygwin\jdk8u171\10807\hotspot\src\share\vm\runtime\sharedRuntime.cpp, line 605]
Event: 82.934 Thread 0x0000000021eba000 Exception <a 'java/lang/ArrayIndexOutOfBoundsException'> (0x000000076cc38728) thrown at [C:\re\workspace\8-2-build-windows-amd64-cygwin\jdk8u171\10807\hotspot\src\share\vm\runtime\sharedRuntime.cpp, line 605]
Event: 82.936 Thread 0x0000000021eba000 Exception <a 'java/lang/ArrayIndexOutOfBoundsException'> (0x000000076cc6f560) thrown at [C:\re\workspace\8-2-build-windows-amd64-cygwin\jdk8u171\10807\hotspot\src\share\vm\runtime\sharedRuntime.cpp, line 605]
Event: 82.969 Thread 0x0000000021eba000 Exception <a 'java/io/FileNotFoundException'> (0x000000076d183a90) thrown at [C:\re\workspace\8-2-build-windows-amd64-cygwin\jdk8u171\10807\hotspot\src\share\vm\prims\jni.cpp, line 709]
Event: 82.977 Thread 0x0000000021eba000 Exception <a 'java/io/FileNotFoundException'> (0x000000076d21cd18) thrown at [C:\re\workspace\8-2-build-windows-amd64-cygwin\jdk8u171\10807\hotspot\src\share\vm\prims\jni.cpp, line 709]

Events (10 events):
Event: 83.984 Thread 0x0000000021eba000 DEOPT PACKING pc=0x0000000003238c84 sp=0x000000000111bfe0
Event: 83.984 Thread 0x0000000021eba000 DEOPT UNPACKING pc=0x0000000002f17890 sp=0x000000000111bd10 mode 1
Event: 83.984 Thread 0x0000000021eba000 DEOPT PACKING pc=0x0000000003237744 sp=0x000000000111c040
Event: 83.984 Thread 0x0000000021eba000 DEOPT UNPACKING pc=0x0000000002f17890 sp=0x000000000111be08 mode 1
Event: 85.985 Thread 0x0000000021eba000 DEOPT PACKING pc=0x00000000030cd1d1 sp=0x0000000001119c80
Event: 85.985 Thread 0x0000000021eba000 DEOPT UNPACKING pc=0x0000000002f17890 sp=0x00000000011199d0 mode 1
Event: 85.985 Thread 0x0000000021eba000 DEOPT PACKING pc=0x0000000003238c84 sp=0x0000000001119d00
Event: 85.985 Thread 0x0000000021eba000 DEOPT UNPACKING pc=0x0000000002f17890 sp=0x0000000001119a30 mode 1
Event: 85.985 Thread 0x0000000021eba000 DEOPT PACKING pc=0x0000000003237744 sp=0x0000000001119d60
Event: 85.985 Thread 0x0000000021eba000 DEOPT UNPACKING pc=0x0000000002f17890 sp=0x0000000001119b28 mode 1


Dynamic libraries:
0x00007ff6cb730000 - 0x00007ff6cb767000 	C:\Program Files\Java\jre1.8.0_171\bin\javaw.exe
0x00007ffb8c8e0000 - 0x00007ffb8cad0000 	C:\Windows\SYSTEM32\ntdll.dll
0x00007ffb8b8f0000 - 0x00007ffb8b9a2000 	C:\Windows\System32\KERNEL32.DLL
0x00007ffb899e0000 - 0x00007ffb89c85000 	C:\Windows\System32\KERNELBASE.dll
0x00007ffb8bbb0000 - 0x00007ffb8bc53000 	C:\Windows\System32\ADVAPI32.dll
0x00007ffb8b0d0000 - 0x00007ffb8b16e000 	C:\Windows\System32\msvcrt.dll
0x00007ffb8adf0000 - 0x00007ffb8ae87000 	C:\Windows\System32\sechost.dll
0x00007ffb8a990000 - 0x00007ffb8aaaf000 	C:\Windows\System32\RPCRT4.dll
0x00007ffb8ba10000 - 0x00007ffb8bba4000 	C:\Windows\System32\USER32.dll
0x00007ffb8a8b0000 - 0x00007ffb8a8d1000 	C:\Windows\System32\win32u.dll
0x00007ffb8bd90000 - 0x00007ffb8bdb6000 	C:\Windows\System32\GDI32.dll
0x00007ffb8a500000 - 0x00007ffb8a698000 	C:\Windows\System32\gdi32full.dll
0x00007ffb8a810000 - 0x00007ffb8a8ae000 	C:\Windows\System32\msvcp_win.dll
0x00007ffb89860000 - 0x00007ffb8995a000 	C:\Windows\System32\ucrtbase.dll
0x00007ffb7ea90000 - 0x00007ffb7ed14000 	C:\Windows\WinSxS\amd64_microsoft.windows.common-controls_6595b64144ccf1df_6.0.18362.1379_none_9e7ff3b3e45cc0c4\COMCTL32.dll
0x00007ffb8aab0000 - 0x00007ffb8ade7000 	C:\Windows\System32\combase.dll
0x00007ffb8a470000 - 0x00007ffb8a4f1000 	C:\Windows\System32\bcryptPrimitives.dll
0x00007ffb8b040000 - 0x00007ffb8b06e000 	C:\Windows\System32\IMM32.DLL
0x0000000057ce0000 - 0x0000000057db2000 	C:\Program Files\Java\jre1.8.0_171\bin\msvcr100.dll
0x0000000059510000 - 0x0000000059db0000 	C:\Program Files\Java\jre1.8.0_171\bin\server\jvm.dll
0x00007ffb8bd10000 - 0x00007ffb8bd18000 	C:\Windows\System32\PSAPI.DLL
0x00007ffb87230000 - 0x00007ffb87254000 	C:\Windows\SYSTEM32\WINMM.dll
0x00007ffb6d200000 - 0x00007ffb6d209000 	C:\Windows\SYSTEM32\WSOCK32.dll
0x00007ffb83110000 - 0x00007ffb8311a000 	C:\Windows\SYSTEM32\VERSION.dll
0x00007ffb8c830000 - 0x00007ffb8c89f000 	C:\Windows\System32\WS2_32.dll
0x00007ffb871f0000 - 0x00007ffb8721d000 	C:\Windows\SYSTEM32\WINMMBASE.dll
0x00007ffb89960000 - 0x00007ffb899aa000 	C:\Windows\System32\cfgmgr32.dll
0x000000005a510000 - 0x000000005a51f000 	C:\Program Files\Java\jre1.8.0_171\bin\verify.dll
0x00000000594e0000 - 0x0000000059509000 	C:\Program Files\Java\jre1.8.0_171\bin\java.dll
0x0000000057ca0000 - 0x0000000057cd5000 	C:\Program Files\Java\jre1.8.0_171\bin\jdwp.dll
0x0000000057c90000 - 0x0000000057c98000 	C:\Program Files\Java\jre1.8.0_171\bin\npt.dll
0x0000000059490000 - 0x00000000594a6000 	C:\Program Files\Java\jre1.8.0_171\bin\zip.dll
0x00007ffb8bde0000 - 0x00007ffb8c4c8000 	C:\Windows\System32\SHELL32.dll
0x00007ffb8bc60000 - 0x00007ffb8bd07000 	C:\Windows\System32\shcore.dll
0x00007ffb89cf0000 - 0x00007ffb8a46b000 	C:\Windows\System32\windows.storage.dll
0x00007ffb897a0000 - 0x00007ffb897c3000 	C:\Windows\System32\profapi.dll
0x00007ffb897d0000 - 0x00007ffb8981a000 	C:\Windows\System32\powrprof.dll
0x00007ffb89790000 - 0x00007ffb897a0000 	C:\Windows\System32\UMPDC.dll
0x00007ffb8b070000 - 0x00007ffb8b0c2000 	C:\Windows\System32\shlwapi.dll
0x00007ffb89840000 - 0x00007ffb89851000 	C:\Windows\System32\kernel.appcore.dll
0x00007ffb8a7f0000 - 0x00007ffb8a807000 	C:\Windows\System32\cryptsp.dll
0x0000000057c80000 - 0x0000000057c89000 	C:\Program Files\Java\jre1.8.0_171\bin\dt_socket.dll
0x00007ffb71050000 - 0x00007ffb71066000 	C:\Windows\system32\napinsp.dll
0x00007ffb70f80000 - 0x00007ffb70f9a000 	C:\Windows\system32\pnrpnsp.dll
0x00007ffb88f80000 - 0x00007ffb88fe7000 	C:\Windows\System32\mswsock.dll
0x00007ffb88ce0000 - 0x00007ffb88dab000 	C:\Windows\SYSTEM32\DNSAPI.dll
0x00007ffb8b310000 - 0x00007ffb8b318000 	C:\Windows\System32\NSI.dll
0x00007ffb88ca0000 - 0x00007ffb88cda000 	C:\Windows\SYSTEM32\IPHLPAPI.DLL
0x00007ffb70f70000 - 0x00007ffb70f7e000 	C:\Windows\System32\winrnr.dll
0x00007ffb85f60000 - 0x00007ffb85f7c000 	C:\Windows\system32\NLAapi.dll
0x00007ffb70f50000 - 0x00007ffb70f65000 	C:\Windows\system32\wshbth.dll
0x0000000059ec0000 - 0x0000000059ee6000 	C:\Program Files\Bonjour\mdnsNSP.dll
0x00007ffb83390000 - 0x00007ffb83407000 	C:\Windows\System32\fwpuclnt.dll
0x00007ffb899b0000 - 0x00007ffb899d6000 	C:\Windows\System32\bcrypt.dll
0x00007ffb72710000 - 0x00007ffb7271a000 	C:\Windows\System32\rasadhlp.dll
0x0000000057c70000 - 0x0000000057c7d000 	C:\Program Files\Java\jre1.8.0_171\bin\management.dll
0x0000000058ae0000 - 0x0000000058afa000 	C:\Program Files\Java\jre1.8.0_171\bin\net.dll
0x0000000058ac0000 - 0x0000000058ad1000 	C:\Program Files\Java\jre1.8.0_171\bin\nio.dll
0x00007ffb88b10000 - 0x00007ffb88b43000 	C:\Windows\system32\rsaenh.dll
0x00007ffb89670000 - 0x00007ffb89695000 	C:\Windows\SYSTEM32\USERENV.dll
0x00007ffb89100000 - 0x00007ffb8910c000 	C:\Windows\SYSTEM32\CRYPTBASE.dll
0x00007ffb83ce0000 - 0x00007ffb83cf6000 	C:\Windows\SYSTEM32\dhcpcsvc6.DLL
0x00007ffb83cc0000 - 0x00007ffb83cdc000 	C:\Windows\SYSTEM32\dhcpcsvc.DLL
0x00007ffb2fe20000 - 0x00007ffb2fe6a000 	C:\Windows\System32\libzkfp.dll
0x00007ffb8c760000 - 0x00007ffb8c825000 	C:\Windows\System32\OLEAUT32.dll
0x00007ffb0d220000 - 0x00007ffb0d312000 	C:\Windows\SYSTEM32\fpslib.dll
0x00007ffb76f90000 - 0x00007ffb76fae000 	C:\Windows\SYSTEM32\ZKFPCap.dll
0x00007ffb696e0000 - 0x00007ffb696fd000 	C:\Windows\SYSTEM32\ZKFPSensors\libidfprcap.dll
0x00007ffb8b320000 - 0x00007ffb8b790000 	C:\Windows\System32\SETUPAPI.dll
0x00007ffb4f790000 - 0x00007ffb4f7bd000 	C:\Windows\SYSTEM32\ZKFPSensors\libsilkidcap.dll
0x00007ffb5fe20000 - 0x00007ffb5fe3c000 	C:\Windows\SYSTEM32\libzksensorcore.dll
0x0000000057c50000 - 0x0000000057c65000 	C:\Windows\SYSTEM32\libusb0.dll
0x00007ffb2e950000 - 0x00007ffb2e998000 	C:\Windows\SYSTEM32\ZKFPSensors\libzklibcap.dll
0x0000000180000000 - 0x0000000180022000 	C:\Windows\SYSTEM32\zkfpslibLow.dll
0x0000000023320000 - 0x0000000023a30000 	C:\Windows\SYSTEM32\fppswsk.dll
0x00007ffb80d30000 - 0x00007ffb80db9000 	C:\Windows\SYSTEM32\WINSPOOL.DRV
0x00007ffb860c0000 - 0x00007ffb861b0000 	C:\Windows\SYSTEM32\PROPSYS.dll
0x00007ffb89570000 - 0x00007ffb8959a000 	C:\Windows\SYSTEM32\DEVOBJ.dll
0x00007ffb89c90000 - 0x00007ffb89cec000 	C:\Windows\System32\WINTRUST.dll
0x00007ffb89820000 - 0x00007ffb89832000 	C:\Windows\System32\MSASN1.dll
0x00007ffb8a6a0000 - 0x00007ffb8a7ea000 	C:\Windows\System32\CRYPT32.dll
0x00007ffb78ee0000 - 0x00007ffb790d4000 	C:\Windows\SYSTEM32\dbghelp.dll

VM Arguments:
jvm_args: -agentlib:jdwp=transport=dt_socket,suspend=y,address=localhost:53168 -Dcom.sun.management.jmxremote -Dcom.sun.management.jmxremote.port=53167 -Dcom.sun.management.jmxremote.authenticate=false -Dcom.sun.management.jmxremote.ssl=false -Djava.rmi.server.hostname=localhost -Dspring.liveBeansView.mbeanDomain -Dspring.application.admin.enabled=true -Xverify:none -XX:TieredStopAtLevel=1 -Dfile.encoding=UTF-8 
java_command: com.fms.fingerprint.FmsFingerprintServiceApplication --spring.output.ansi.enabled=always
java_class_path (initial): C:\Users\naufa\git\fms\target\classes;C:\Users\naufa\.m2\repository\org\springframework\boot\spring-boot-starter\2.3.7.RELEASE\spring-boot-starter-2.3.7.RELEASE.jar;C:\Users\naufa\.m2\repository\org\springframework\boot\spring-boot\2.3.7.RELEASE\spring-boot-2.3.7.RELEASE.jar;C:\Users\naufa\.m2\repository\org\springframework\spring-context\5.2.12.RELEASE\spring-context-5.2.12.RELEASE.jar;C:\Users\naufa\.m2\repository\org\springframework\boot\spring-boot-autoconfigure\2.3.7.RELEASE\spring-boot-autoconfigure-2.3.7.RELEASE.jar;C:\Users\naufa\.m2\repository\org\springframework\boot\spring-boot-starter-logging\2.3.7.RELEASE\spring-boot-starter-logging-2.3.7.RELEASE.jar;C:\Users\naufa\.m2\repository\ch\qos\logback\logback-classic\1.2.3\logback-classic-1.2.3.jar;C:\Users\naufa\.m2\repository\ch\qos\logback\logback-core\1.2.3\logback-core-1.2.3.jar;C:\Users\naufa\.m2\repository\org\apache\logging\log4j\log4j-to-slf4j\2.13.3\log4j-to-slf4j-2.13.3.jar;C:\Users\naufa\.m2\repository\org\apache\logging\log4j\log4j-api\2.13.3\log4j-api-2.13.3.jar;C:\Users\naufa\.m2\repository\org\slf4j\jul-to-slf4j\1.7.30\jul-to-slf4j-1.7.30.jar;C:\Users\naufa\.m2\repository\jakarta\annotation\jakarta.annotation-api\1.3.5\jakarta.annotation-api-1.3.5.jar;C:\Users\naufa\.m2\repository\org\springframework\spring-core\5.2.12.RELEASE\spring-core-5.2.12.RELEASE.jar;C:\Users\naufa\.m2\repository\org\springframework\spring-jcl\5.2.12.RELEASE\spring-jcl-5.2.12.RELEASE.jar;C:\Users\naufa\.m2\repository\org\yaml\snakeyaml\1.26\snakeyaml-1.26.jar;C:\Users\naufa\git\fms\ZKFingerDemo.jar;C:\Users\naufa\.m2\repository\org\springframework\boot\spring-boot-starter-web\2.3.7.RELEASE\spring-boot-starter-web-2.3.7.RELEASE.jar;C:\Users\naufa\.m2\repository\org\springframework\boot\spring-boot-starter-json\2.3.7.RELEASE\spring-boot-starter-json-2.3.7.RELEASE.jar;C:\Users\naufa\.m2\repository\com\fasterxml\jackson\core\jackson-databind\2.11.3\jackson-databind-2.11.3.jar;C:\Users\naufa\.m2\r
Launcher Type: SUN_STANDARD

Environment Variables:
JAVA_HOME=C:\Program Files\Java\jdk1.8.0_211
CLASSPATH=.;
PATH=C:/Program Files/Java/jre1.8.0_171/bin/server;C:/Program Files/Java/jre1.8.0_171/bin;C:/Program Files/Java/jre1.8.0_171/lib/amd64;c:\program files (x86)\common files\intel\shared libraries\redist\intel64_win\compiler;c:\program files (x86)\common files\intel\shared libraries\redist\intel64_win\compiler;c:\program files (x86)\common files\oracle\java\javapath;c:\windows\system32;c:\windows;c:\windows\system32\wbem;c:\windows\system32\windowspowershell\v1.0\;c:\windows\system32\openssh\;c:\xampp\mysql\bin;c:\program files\git\cmd;c:\mingw\bin;c:\program files\nodejs\;c:\program files\nvidia corporation\nvidia nvdlisr;c:\openssl-0.9.8k_win32\bin;c:\program files (x86)\microsoft sql server\150\dts\binn\;c:\program files\postgresql\12\bin;c:\gradle-6.3\bin;c:\programdata\chocolatey\bin;c:\program files\java\jdk1.8.0_211\bin;e:\devtools\android\sdk\platform-tools;c:\go\bin;c:\program files\tortoisesvn\bin;h:\devtools\java\apache-maven-3.6.3\bin;h:\devtools\java\apache-ant-1.9.15\bin;C:\Program Files (x86)\NVIDIA Corporation\PhysX\Common;H:\DevTools\android\flutter\bin;;C:\Program Files\Docker\Docker\resources\bin;C:\ProgramData\DockerDesktop\version-bin;C:\Users\naufa\AppData\Local\Programs\Python\Python39\Scripts\;C:\Users\naufa\AppData\Local\Programs\Python\Python39\;C:\Users\naufa\AppData\Local\Microsoft\WindowsApps;C:\Program Files\Java\jdk1.8.0_211\bin;C:\Users\naufa\AppData\Local\Programs\Microsoft VS Code\bin;C:\Users\naufa\AppData\Roaming\npm;C:\Program Files\heroku\bin;C:\DevTools\sts-bundle\sts-3.9.7.RELEASE;
USERNAME=naufa
OS=Windows_NT
PROCESSOR_IDENTIFIER=Intel64 Family 6 Model 165 Stepping 3, GenuineIntel



---------------  S Y S T E M  ---------------

OS: Windows 10.0 , 64 bit Build 18362 (10.0.18362.1350)

CPU:total 8 (initial active 8) (4 cores per cpu, 2 threads per core) family 6 model 165 stepping 3, cmov, cx8, fxsr, mmx, sse, sse2, sse3, ssse3, sse4.1, sse4.2, popcnt, avx, avx2, aes, clmul, erms, 3dnowpref, lzcnt, ht, tsc, tscinvbit, bmi1, bmi2, adx

Memory: 4k page, physical 16681360k(2924840k free), swap 47169352k(6453936k free)

vm_info: Java HotSpot(TM) 64-Bit Server VM (25.171-b11) for windows-amd64 JRE (1.8.0_171-b11), built on Mar 28 2018 16:06:12 by "java_re" with MS VC++ 10.0 (VS2010)

time: Wed Feb 17 17:18:49 2021
elapsed time: 86 seconds (0d 0h 1m 26s)

