#
# A fatal error has been detected by the Java Runtime Environment:
#
#  EXCEPTION_ACCESS_VIOLATION (0xc0000005) at pc=0x00007fffa2c672a6, pid=14780, tid=0x0000000000004b90
#
# JRE version: Java(TM) SE Runtime Environment (8.0_171-b11) (build 1.8.0_171-b11)
# Java VM: Java HotSpot(TM) 64-Bit Server VM (25.171-b11 mixed mode windows-amd64 compressed oops)
# Problematic frame:
# C  [ntdll.dll+0x72a6]
#
# Failed to write core dump. Minidumps are not enabled by default on client versions of Windows
#
# If you would like to submit a bug report, please visit:
#   http://bugreport.java.com/bugreport/crash.jsp
# The crash happened outside the Java Virtual Machine in native code.
# See problematic frame for where to report the bug.
#

---------------  T H R E A D  ---------------

Current thread (0x00000000216d9000):  JavaThread "Thread-5" [_thread_in_native, id=19344, stack(0x0000000023b90000,0x0000000023c90000)]

siginfo: ExceptionCode=0xc0000005, writing address 0x0000000000000024

Registers:
RAX=0x0000000000000000, RBX=0x0000000022a20fd8, RCX=0x0000000022a20fd8, RDX=0x00000000fffffffe
RSP=0x0000000023c8e850, RBP=0x0000000021957f00, RSI=0x0000000000000000, RDI=0x0000000000000000
R8 =0x0000000000000000, R9 =0x0000000000000000, R10=0x0000000000000000, R11=0x0000000023c8e830
R12=0x0000000000000000, R13=0x0000000000b70000, R14=0x0000000000000003, R15=0x0000000000000000
RIP=0x00007fffa2c672a6, EFLAGS=0x0000000000010213

Top of Stack: (sp=0x0000000023c8e850)
0x0000000023c8e850:   ffffffffffffffff 0000000022a20fd8
0x0000000023c8e860:   0000000000000000 0000000000000000
0x0000000023c8e870:   0000000000000000 0000000000000000
0x0000000023c8e880:   0000000000000000 0000000000000000
0x0000000023c8e890:   0000000000000000 00000000fffffffe
0x0000000023c8e8a0:   0000000000b70000 0000000000000000
0x0000000023c8e8b0:   0000000022d813c0 00007fff8e89c7e8
0x0000000023c8e8c0:   000000000000012c 0000000000000000
0x0000000023c8e8d0:   0000000000000001 00000007000007d0
0x0000000023c8e8e0:   00004367028783c1 00007fff8e89a95d
0x0000000023c8e8f0:   0000000000000001 0000000000000003
0x0000000023c8e900:   0000000000000001 0000000000000001
0x0000000023c8e910:   00000000000007cf 0000000022a20fd8
0x0000000023c8e920:   0000000021957f01 00007fffa2c7b576
0x0000000023c8e930:   0000000000000000 0000000000000000
0x0000000023c8e940:   00000000fffffffe 0000000000000000 

Instructions: (pc=0x00007fffa2c672a6)
0x00007fffa2c67286:   48 39 73 18 0f 84 d1 00 00 00 48 8b 03 48 83 f8
0x00007fffa2c67296:   ff 0f 84 d1 00 00 00 44 8b fe 48 83 f8 ff 74 03
0x00007fffa2c672a6:   ff 40 24 4c 8b 73 18 4c 8d 2d 44 82 15 00 bd 22
0x00007fffa2c672b6:   17 00 00 e8 c2 94 03 00 85 c0 0f 85 de 11 0a 00 


Register to memory mapping:

RAX=0x0000000000000000 is an unknown value
RBX=0x0000000022a20fd8 is an unknown value
RCX=0x0000000022a20fd8 is an unknown value
RDX=0x00000000fffffffe is an unknown value
RSP=0x0000000023c8e850 is pointing into the stack for thread: 0x00000000216d9000
RBP=0x0000000021957f00 is an unknown value
RSI=0x0000000000000000 is an unknown value
RDI=0x0000000000000000 is an unknown value
R8 =0x0000000000000000 is an unknown value
R9 =0x0000000000000000 is an unknown value
R10=0x0000000000000000 is an unknown value
R11=0x0000000023c8e830 is pointing into the stack for thread: 0x00000000216d9000
R12=0x0000000000000000 is an unknown value
R13=0x0000000000b70000 is an unknown value
R14=0x0000000000000003 is an unknown value
R15=0x0000000000000000 is an unknown value


Stack: [0x0000000023b90000,0x0000000023c90000],  sp=0x0000000023c8e850,  free space=1018k
Native frames: (J=compiled Java code, j=interpreted, Vv=VM code, C=native code)
C  [ntdll.dll+0x72a6]
C  [ntdll.dll+0x1b576]
C  [ntdll.dll+0x1b3c0]
C  [ZKFPCap.dll+0x3148]
C  [ZKFPCap.dll+0x1e37]
C  [libzkfp.dll+0x4dd7]
C  [libzkfp.dll+0x2fb4]
C  0x00000000030e4ccd

Java frames: (J=compiled Java code, j=interpreted, Vv=VM code)
J 2826  com.zkteco.biometric.ZKFPService.AcquireTemplate(J[B[B[I)I (0 bytes) @ 0x00000000030e4c47 [0x00000000030e4bc0+0x87]
J 2825 C1 com.zkteco.biometric.FingerprintSensorEx.AcquireFingerprint(J[B[B[I)I (9 bytes) @ 0x00000000030e48a4 [0x00000000030e4860+0x44]
j  com.fms.fingerprint.web.ZkService$WorkThread.run()V+29
v  ~StubRoutines::call_stub

---------------  P R O C E S S  ---------------

Java Threads: ( => current thread )
  0x00000000217ae000 JavaThread "container-0" [_thread_blocked, id=19500, stack(0x0000000024370000,0x0000000024470000)]
  0x00000000217ad800 JavaThread "Catalina-utility-2" [_thread_blocked, id=1304, stack(0x0000000023f90000,0x0000000024090000)]
  0x00000000217af800 JavaThread "Catalina-utility-1" [_thread_blocked, id=9060, stack(0x00000000226d0000,0x00000000227d0000)]
  0x00000000217af000 JavaThread "restartedMain" [_thread_in_native, id=14580, stack(0x00000000227d0000,0x00000000228d0000)]
  0x00000000217aa800 JavaThread "Thread-10" [_thread_blocked, id=11492, stack(0x0000000025790000,0x0000000025890000)]
  0x00000000217b0800 JavaThread "DestroyJavaVM" [_thread_blocked, id=16244, stack(0x00000000028a0000,0x00000000029a0000)]
  0x0000000021779000 JavaThread "Live Reload Server" daemon [_thread_in_native, id=11156, stack(0x0000000024090000,0x0000000024190000)]
=>0x00000000216d9000 JavaThread "Thread-5" [_thread_in_native, id=19344, stack(0x0000000023b90000,0x0000000023c90000)]
  0x000000001f937000 JavaThread "RMI TCP Accept-0" daemon [_thread_in_native, id=18444, stack(0x00000000201c0000,0x00000000202c0000)]
  0x000000001f929800 JavaThread "RMI TCP Accept-58254" daemon [_thread_in_native, id=18068, stack(0x00000000200c0000,0x00000000201c0000)]
  0x000000001f918000 JavaThread "RMI TCP Accept-0" daemon [_thread_in_native, id=19644, stack(0x000000001ffc0000,0x00000000200c0000)]
  0x000000001e572800 JavaThread "Service Thread" daemon [_thread_blocked, id=17008, stack(0x000000001f6c0000,0x000000001f7c0000)]
  0x000000001e4ef800 JavaThread "C1 CompilerThread3" daemon [_thread_blocked, id=19104, stack(0x000000001f5c0000,0x000000001f6c0000)]
  0x000000001e4ee800 JavaThread "C2 CompilerThread2" daemon [_thread_blocked, id=11272, stack(0x000000001f4c0000,0x000000001f5c0000)]
  0x000000001e4ed000 JavaThread "C2 CompilerThread1" daemon [_thread_blocked, id=19116, stack(0x000000001f3c0000,0x000000001f4c0000)]
  0x000000001e4e6800 JavaThread "C2 CompilerThread0" daemon [_thread_blocked, id=13628, stack(0x000000001f2c0000,0x000000001f3c0000)]
  0x000000001e4d3800 JavaThread "JDWP Command Reader" daemon [_thread_in_native, id=13124, stack(0x000000001f1c0000,0x000000001f2c0000)]
  0x000000001e4d0000 JavaThread "JDWP Event Helper Thread" daemon [_thread_blocked, id=13576, stack(0x000000001f0c0000,0x000000001f1c0000)]
  0x000000001e4ce800 JavaThread "JDWP Transport Listener: dt_socket" daemon [_thread_blocked, id=10792, stack(0x000000001efc0000,0x000000001f0c0000)]
  0x000000001e4bd800 JavaThread "Attach Listener" daemon [_thread_blocked, id=20476, stack(0x000000001eb80000,0x000000001ec80000)]
  0x000000001e4bc800 JavaThread "Signal Dispatcher" daemon [_thread_blocked, id=8052, stack(0x000000001ea80000,0x000000001eb80000)]
  0x000000001e4a0800 JavaThread "Finalizer" daemon [_thread_blocked, id=3304, stack(0x000000001e880000,0x000000001e980000)]
  0x000000001c57d000 JavaThread "Reference Handler" daemon [_thread_blocked, id=14792, stack(0x000000001e380000,0x000000001e480000)]

Other Threads:
  0x000000001c57b800 VMThread [stack: 0x000000001e280000,0x000000001e380000] [id=4488]
  0x000000001f93a800 WatcherThread [stack: 0x00000000202c0000,0x00000000203c0000] [id=7912]

VM state:not at safepoint (normal execution)

VM Mutex/Monitor currently owned by a thread: None

Heap:
 PSYoungGen      total 70144K, used 30822K [0x000000076b200000, 0x0000000770300000, 0x00000007c0000000)
  eden space 58368K, 52% used [0x000000076b200000,0x000000076d019b98,0x000000076eb00000)
  from space 11776K, 0% used [0x000000076eb00000,0x000000076eb00000,0x000000076f680000)
  to   space 12288K, 0% used [0x000000076f700000,0x000000076f700000,0x0000000770300000)
 ParOldGen       total 111104K, used 9779K [0x00000006c1600000, 0x00000006c8280000, 0x000000076b200000)
  object space 111104K, 8% used [0x00000006c1600000,0x00000006c1f8cd40,0x00000006c8280000)
 Metaspace       used 28183K, capacity 30208K, committed 30336K, reserved 1075200K
  class space    used 3779K, capacity 4128K, committed 4224K, reserved 1048576K

Card table byte_map: [0x0000000011ef0000,0x00000000126f0000] byte_map_base: 0x000000000e8e5000

Marking Bits: (ParMarkBitMap*) 0x00000000745608c0
 Begin Bits: [0x0000000013440000, 0x00000000173e8000)
 End Bits:   [0x00000000173e8000, 0x000000001b390000)

Polling page: 0x0000000000f70000

CodeCache: size=245760Kb used=7254Kb max_used=7254Kb free=238505Kb
 bounds [0x0000000002b30000, 0x0000000003250000, 0x0000000011b30000]
 total_blobs=3965 nmethods=3540 adapters=344
 compilation: enabled

Compilation events (10 events):
Event: 338.679 Thread 0x000000001e4ef800 3584   !   1       com.sun.org.apache.xalan.internal.utils.SecuritySupport::readJAXPProperty (171 bytes)
Event: 338.680 Thread 0x000000001e4ef800 nmethod 3584 0x0000000003244b90 code [0x0000000003244e80, 0x0000000003245e68]
Event: 338.680 Thread 0x000000001e4ef800 3585       1       ch.qos.logback.classic.Logger::isInfoEnabled (6 bytes)
Event: 338.680 Thread 0x000000001e4ef800 nmethod 3585 0x0000000003246cd0 code [0x0000000003246e20, 0x0000000003246f68]
Event: 338.680 Thread 0x000000001e4ef800 3586       1       ch.qos.logback.classic.Logger::isInfoEnabled (77 bytes)
Event: 338.681 Thread 0x000000001e4ef800 nmethod 3586 0x0000000003246fd0 code [0x00000000032471a0, 0x00000000032476f8]
Event: 338.684 Thread 0x000000001e4ef800 3587       1       org.apache.tomcat.util.collections.ManagedConcurrentWeakHashMap$Key::hashCode (5 bytes)
Event: 338.685 Thread 0x000000001e4ef800 nmethod 3587 0x0000000003247b90 code [0x0000000003247ce0, 0x0000000003247df0]
Event: 338.686 Thread 0x000000001e4ef800 3588   !   1       com.sun.proxy.$Proxy9::annotationType (29 bytes)
Event: 338.686 Thread 0x000000001e4ef800 nmethod 3588 0x0000000003247e50 code [0x0000000003247fe0, 0x0000000003248258]

GC Heap History (10 events):
Event: 204.045 GC heap before
{Heap before GC invocations=12 (full 1):
 PSYoungGen      total 70144K, used 63985K [0x000000076b200000, 0x0000000770300000, 0x00000007c0000000)
  eden space 59392K, 98% used [0x000000076b200000,0x000000076eb32008,0x000000076ec00000)
  from space 10752K, 50% used [0x000000076f880000,0x000000076fdca540,0x0000000770300000)
  to   space 11776K, 0% used [0x000000076ec00000,0x000000076ec00000,0x000000076f780000)
 ParOldGen       total 111104K, used 9563K [0x00000006c1600000, 0x00000006c8280000, 0x000000076b200000)
  object space 111104K, 8% used [0x00000006c1600000,0x00000006c1f56f78,0x00000006c8280000)
 Metaspace       used 27903K, capacity 29774K, committed 29952K, reserved 1075200K
  class space    used 3732K, capacity 4082K, committed 4096K, reserved 1048576K
Event: 204.049 GC heap after
Heap after GC invocations=12 (full 1):
 PSYoungGen      total 65536K, used 7154K [0x000000076b200000, 0x0000000770200000, 0x00000007c0000000)
  eden space 58368K, 0% used [0x000000076b200000,0x000000076b200000,0x000000076eb00000)
  from space 7168K, 99% used [0x000000076ec00000,0x000000076f2fc9d8,0x000000076f300000)
  to   space 11776K, 0% used [0x000000076f680000,0x000000076f680000,0x0000000770200000)
 ParOldGen       total 111104K, used 9563K [0x00000006c1600000, 0x00000006c8280000, 0x000000076b200000)
  object space 111104K, 8% used [0x00000006c1600000,0x00000006c1f56f78,0x00000006c8280000)
 Metaspace       used 27903K, capacity 29774K, committed 29952K, reserved 1075200K
  class space    used 3732K, capacity 4082K, committed 4096K, reserved 1048576K
}
Event: 253.312 GC heap before
{Heap before GC invocations=13 (full 1):
 PSYoungGen      total 65536K, used 36999K [0x000000076b200000, 0x0000000770200000, 0x00000007c0000000)
  eden space 58368K, 51% used [0x000000076b200000,0x000000076cf25538,0x000000076eb00000)
  from space 7168K, 99% used [0x000000076ec00000,0x000000076f2fc9d8,0x000000076f300000)
  to   space 11776K, 0% used [0x000000076f680000,0x000000076f680000,0x0000000770200000)
 ParOldGen       total 111104K, used 9563K [0x00000006c1600000, 0x00000006c8280000, 0x000000076b200000)
  object space 111104K, 8% used [0x00000006c1600000,0x00000006c1f56f78,0x00000006c8280000)
 Metaspace       used 28024K, capacity 29886K, committed 29952K, reserved 1075200K
  class space    used 3755K, capacity 4093K, committed 4096K, reserved 1048576K
Event: 253.315 GC heap after
Heap after GC invocations=13 (full 1):
 PSYoungGen      total 70144K, used 4565K [0x000000076b200000, 0x0000000770200000, 0x00000007c0000000)
  eden space 58368K, 0% used [0x000000076b200000,0x000000076b200000,0x000000076eb00000)
  from space 11776K, 38% used [0x000000076f680000,0x000000076faf54f0,0x0000000770200000)
  to   space 11776K, 0% used [0x000000076eb00000,0x000000076eb00000,0x000000076f680000)
 ParOldGen       total 111104K, used 9571K [0x00000006c1600000, 0x00000006c8280000, 0x000000076b200000)
  object space 111104K, 8% used [0x00000006c1600000,0x00000006c1f58f78,0x00000006c8280000)
 Metaspace       used 28024K, capacity 29886K, committed 29952K, reserved 1075200K
  class space    used 3755K, capacity 4093K, committed 4096K, reserved 1048576K
}
Event: 253.315 GC heap before
{Heap before GC invocations=14 (full 2):
 PSYoungGen      total 70144K, used 4565K [0x000000076b200000, 0x0000000770200000, 0x00000007c0000000)
  eden space 58368K, 0% used [0x000000076b200000,0x000000076b200000,0x000000076eb00000)
  from space 11776K, 38% used [0x000000076f680000,0x000000076faf54f0,0x0000000770200000)
  to   space 11776K, 0% used [0x000000076eb00000,0x000000076eb00000,0x000000076f680000)
 ParOldGen       total 111104K, used 9571K [0x00000006c1600000, 0x00000006c8280000, 0x000000076b200000)
  object space 111104K, 8% used [0x00000006c1600000,0x00000006c1f58f78,0x00000006c8280000)
 Metaspace       used 28024K, capacity 29886K, committed 29952K, reserved 1075200K
  class space    used 3755K, capacity 4093K, committed 4096K, reserved 1048576K
Event: 253.386 GC heap after
Heap after GC invocations=14 (full 2):
 PSYoungGen      total 70144K, used 0K [0x000000076b200000, 0x0000000770200000, 0x00000007c0000000)
  eden space 58368K, 0% used [0x000000076b200000,0x000000076b200000,0x000000076eb00000)
  from space 11776K, 0% used [0x000000076f680000,0x000000076f680000,0x0000000770200000)
  to   space 11776K, 0% used [0x000000076eb00000,0x000000076eb00000,0x000000076f680000)
 ParOldGen       total 111104K, used 9119K [0x00000006c1600000, 0x00000006c8280000, 0x000000076b200000)
  object space 111104K, 8% used [0x00000006c1600000,0x00000006c1ee7c38,0x00000006c8280000)
 Metaspace       used 28024K, capacity 29886K, committed 29952K, reserved 1075200K
  class space    used 3755K, capacity 4093K, committed 4096K, reserved 1048576K
}
Event: 338.301 GC heap before
{Heap before GC invocations=15 (full 2):
 PSYoungGen      total 70144K, used 52786K [0x000000076b200000, 0x0000000770200000, 0x00000007c0000000)
  eden space 58368K, 90% used [0x000000076b200000,0x000000076e58ca60,0x000000076eb00000)
  from space 11776K, 0% used [0x000000076f680000,0x000000076f680000,0x0000000770200000)
  to   space 11776K, 0% used [0x000000076eb00000,0x000000076eb00000,0x000000076f680000)
 ParOldGen       total 111104K, used 9119K [0x00000006c1600000, 0x00000006c8280000, 0x000000076b200000)
  object space 111104K, 8% used [0x00000006c1600000,0x00000006c1ee7c38,0x00000006c8280000)
 Metaspace       used 28144K, capacity 30094K, committed 30336K, reserved 1075200K
  class space    used 3773K, capacity 4120K, committed 4224K, reserved 1048576K
Event: 338.303 GC heap after
Heap after GC invocations=15 (full 2):
 PSYoungGen      total 70144K, used 2416K [0x000000076b200000, 0x0000000770300000, 0x00000007c0000000)
  eden space 58368K, 0% used [0x000000076b200000,0x000000076b200000,0x000000076eb00000)
  from space 11776K, 20% used [0x000000076eb00000,0x000000076ed5c360,0x000000076f680000)
  to   space 12288K, 0% used [0x000000076f700000,0x000000076f700000,0x0000000770300000)
 ParOldGen       total 111104K, used 9127K [0x00000006c1600000, 0x00000006c8280000, 0x000000076b200000)
  object space 111104K, 8% used [0x00000006c1600000,0x00000006c1ee9c38,0x00000006c8280000)
 Metaspace       used 28144K, capacity 30094K, committed 30336K, reserved 1075200K
  class space    used 3773K, capacity 4120K, committed 4224K, reserved 1048576K
}
Event: 338.303 GC heap before
{Heap before GC invocations=16 (full 3):
 PSYoungGen      total 70144K, used 2416K [0x000000076b200000, 0x0000000770300000, 0x00000007c0000000)
  eden space 58368K, 0% used [0x000000076b200000,0x000000076b200000,0x000000076eb00000)
  from space 11776K, 20% used [0x000000076eb00000,0x000000076ed5c360,0x000000076f680000)
  to   space 12288K, 0% used [0x000000076f700000,0x000000076f700000,0x0000000770300000)
 ParOldGen       total 111104K, used 9127K [0x00000006c1600000, 0x00000006c8280000, 0x000000076b200000)
  object space 111104K, 8% used [0x00000006c1600000,0x00000006c1ee9c38,0x00000006c8280000)
 Metaspace       used 28144K, capacity 30094K, committed 30336K, reserved 1075200K
  class space    used 3773K, capacity 4120K, committed 4224K, reserved 1048576K
Event: 338.369 GC heap after
Heap after GC invocations=16 (full 3):
 PSYoungGen      total 70144K, used 0K [0x000000076b200000, 0x0000000770300000, 0x00000007c0000000)
  eden space 58368K, 0% used [0x000000076b200000,0x000000076b200000,0x000000076eb00000)
  from space 11776K, 0% used [0x000000076eb00000,0x000000076eb00000,0x000000076f680000)
  to   space 12288K, 0% used [0x000000076f700000,0x000000076f700000,0x0000000770300000)
 ParOldGen       total 111104K, used 9779K [0x00000006c1600000, 0x00000006c8280000, 0x000000076b200000)
  object space 111104K, 8% used [0x00000006c1600000,0x00000006c1f8cd40,0x00000006c8280000)
 Metaspace       used 28142K, capacity 30088K, committed 30336K, reserved 1075200K
  class space    used 3772K, capacity 4118K, committed 4224K, reserved 1048576K
}

Deoptimization events (0 events):
No events

Classes redefined (4 events):
Event: 251.210 Thread 0x000000001c57b800 redefined class name=com.fms.fingerprint.listener.ListenerFingerprintCapture, count=1
Event: 336.340 Thread 0x000000001c57b800 redefined class name=com.fms.fingerprint.web.ZkService, count=1
Event: 336.348 Thread 0x000000001c57b800 redefined class name=com.fms.fingerprint.web.ZkService$WorkThread, count=1
Event: 336.357 Thread 0x000000001c57b800 redefined class name=com.fms.fingerprint.web.ZkService, count=1

Internal exceptions (10 events):
Event: 338.589 Thread 0x00000000217af000 Exception <a 'java/lang/ArrayIndexOutOfBoundsException'> (0x000000076c7a1928) thrown at [C:\re\workspace\8-2-build-windows-amd64-cygwin\jdk8u171\10807\hotspot\src\share\vm\runtime\sharedRuntime.cpp, line 605]
Event: 338.597 Thread 0x00000000217af000 Exception <a 'java/lang/ArrayIndexOutOfBoundsException'> (0x000000076c827b88) thrown at [C:\re\workspace\8-2-build-windows-amd64-cygwin\jdk8u171\10807\hotspot\src\share\vm\runtime\sharedRuntime.cpp, line 605]
Event: 338.598 Thread 0x00000000217af000 Exception <a 'java/lang/ArrayIndexOutOfBoundsException'> (0x000000076c839d88) thrown at [C:\re\workspace\8-2-build-windows-amd64-cygwin\jdk8u171\10807\hotspot\src\share\vm\runtime\sharedRuntime.cpp, line 605]
Event: 338.599 Thread 0x00000000217af000 Exception <a 'java/lang/ArrayIndexOutOfBoundsException'> (0x000000076c852d30) thrown at [C:\re\workspace\8-2-build-windows-amd64-cygwin\jdk8u171\10807\hotspot\src\share\vm\runtime\sharedRuntime.cpp, line 605]
Event: 338.618 Thread 0x00000000217af000 Exception <a 'java/lang/ArrayIndexOutOfBoundsException'> (0x000000076c88eab0) thrown at [C:\re\workspace\8-2-build-windows-amd64-cygwin\jdk8u171\10807\hotspot\src\share\vm\runtime\sharedRuntime.cpp, line 605]
Event: 338.636 Thread 0x00000000217af000 Exception <a 'java/lang/ArrayIndexOutOfBoundsException'> (0x000000076c9e3070) thrown at [C:\re\workspace\8-2-build-windows-amd64-cygwin\jdk8u171\10807\hotspot\src\share\vm\runtime\sharedRuntime.cpp, line 605]
Event: 338.637 Thread 0x00000000217af000 Exception <a 'java/lang/ArrayIndexOutOfBoundsException'> (0x000000076ca03ee0) thrown at [C:\re\workspace\8-2-build-windows-amd64-cygwin\jdk8u171\10807\hotspot\src\share\vm\runtime\sharedRuntime.cpp, line 605]
Event: 338.638 Thread 0x00000000217af000 Exception <a 'java/lang/ArrayIndexOutOfBoundsException'> (0x000000076ca3a418) thrown at [C:\re\workspace\8-2-build-windows-amd64-cygwin\jdk8u171\10807\hotspot\src\share\vm\runtime\sharedRuntime.cpp, line 605]
Event: 338.673 Thread 0x00000000217af000 Exception <a 'java/io/FileNotFoundException'> (0x000000076cf06818) thrown at [C:\re\workspace\8-2-build-windows-amd64-cygwin\jdk8u171\10807\hotspot\src\share\vm\prims\jni.cpp, line 709]
Event: 338.684 Thread 0x00000000217af000 Exception <a 'java/io/FileNotFoundException'> (0x000000076cf7f7b8) thrown at [C:\re\workspace\8-2-build-windows-amd64-cygwin\jdk8u171\10807\hotspot\src\share\vm\prims\jni.cpp, line 709]

Events (10 events):
Event: 338.687 Thread 0x00000000217af000 DEOPT PACKING pc=0x0000000002e96104 sp=0x00000000228cbd30
Event: 338.687 Thread 0x00000000217af000 DEOPT UNPACKING pc=0x0000000002b77890 sp=0x00000000228cba60 mode 1
Event: 338.687 Thread 0x00000000217af000 DEOPT PACKING pc=0x0000000002e94bc4 sp=0x00000000228cbd90
Event: 338.687 Thread 0x00000000217af000 DEOPT UNPACKING pc=0x0000000002b77890 sp=0x00000000228cbb58 mode 1
Event: 339.688 Thread 0x00000000217af000 DEOPT PACKING pc=0x0000000002d373d1 sp=0x00000000228cbcc0
Event: 339.688 Thread 0x00000000217af000 DEOPT UNPACKING pc=0x0000000002b77890 sp=0x00000000228cba10 mode 1
Event: 339.688 Thread 0x00000000217af000 DEOPT PACKING pc=0x0000000002e96104 sp=0x00000000228cbd40
Event: 339.688 Thread 0x00000000217af000 DEOPT UNPACKING pc=0x0000000002b77890 sp=0x00000000228cba70 mode 1
Event: 339.688 Thread 0x00000000217af000 DEOPT PACKING pc=0x0000000002e94bc4 sp=0x00000000228cbda0
Event: 339.688 Thread 0x00000000217af000 DEOPT UNPACKING pc=0x0000000002b77890 sp=0x00000000228cbb68 mode 1


Dynamic libraries:
0x00007ff734940000 - 0x00007ff734977000 	C:\Program Files\Java\jre1.8.0_171\bin\javaw.exe
0x00007fffa2c60000 - 0x00007fffa2e50000 	C:\Windows\SYSTEM32\ntdll.dll
0x00007fffa1970000 - 0x00007fffa1a22000 	C:\Windows\System32\KERNEL32.DLL
0x00007fffa0120000 - 0x00007fffa03c5000 	C:\Windows\System32\KERNELBASE.dll
0x00007fffa1ae0000 - 0x00007fffa1b83000 	C:\Windows\System32\ADVAPI32.dll
0x00007fffa2010000 - 0x00007fffa20ae000 	C:\Windows\System32\msvcrt.dll
0x00007fffa1a40000 - 0x00007fffa1ad7000 	C:\Windows\System32\sechost.dll
0x00007fffa10a0000 - 0x00007fffa11c0000 	C:\Windows\System32\RPCRT4.dll
0x00007fffa2a80000 - 0x00007fffa2c14000 	C:\Windows\System32\USER32.dll
0x00007fffa03d0000 - 0x00007fffa03f1000 	C:\Windows\System32\win32u.dll
0x00007fffa0ef0000 - 0x00007fffa0f16000 	C:\Windows\System32\GDI32.dll
0x00007fff9fbd0000 - 0x00007fff9fd66000 	C:\Windows\System32\gdi32full.dll
0x00007fff9fd70000 - 0x00007fff9fe0e000 	C:\Windows\System32\msvcp_win.dll
0x00007fffa0b90000 - 0x00007fffa0c8a000 	C:\Windows\System32\ucrtbase.dll
0x00007fff90130000 - 0x00007fff903b4000 	C:\Windows\WinSxS\amd64_microsoft.windows.common-controls_6595b64144ccf1df_6.0.18362.1256_none_9e7e379be45e40e2\COMCTL32.dll
0x00007fffa15c0000 - 0x00007fffa18f6000 	C:\Windows\System32\combase.dll
0x00007fff9fe70000 - 0x00007fff9fef1000 	C:\Windows\System32\bcryptPrimitives.dll
0x00007fffa1070000 - 0x00007fffa109e000 	C:\Windows\System32\IMM32.DLL
0x00000000730e0000 - 0x00000000731b2000 	C:\Program Files\Java\jre1.8.0_171\bin\msvcr100.dll
0x0000000073d40000 - 0x00000000745e0000 	C:\Program Files\Java\jre1.8.0_171\bin\server\jvm.dll
0x00007fffa2000000 - 0x00007fffa2008000 	C:\Windows\System32\PSAPI.DLL
0x00007fff84820000 - 0x00007fff84829000 	C:\Windows\SYSTEM32\WSOCK32.dll
0x00007fffa14d0000 - 0x00007fffa153f000 	C:\Windows\System32\WS2_32.dll
0x00007fff9c480000 - 0x00007fff9c4a4000 	C:\Windows\SYSTEM32\WINMM.dll
0x00007fff98e90000 - 0x00007fff98e9a000 	C:\Windows\SYSTEM32\VERSION.dll
0x00007fff9c450000 - 0x00007fff9c47d000 	C:\Windows\SYSTEM32\WINMMBASE.dll
0x00007fffa0cc0000 - 0x00007fffa0d0a000 	C:\Windows\System32\cfgmgr32.dll
0x0000000074c60000 - 0x0000000074c6f000 	C:\Program Files\Java\jre1.8.0_171\bin\verify.dll
0x0000000074c30000 - 0x0000000074c59000 	C:\Program Files\Java\jre1.8.0_171\bin\java.dll
0x00000000730a0000 - 0x00000000730d5000 	C:\Program Files\Java\jre1.8.0_171\bin\jdwp.dll
0x0000000073090000 - 0x0000000073098000 	C:\Program Files\Java\jre1.8.0_171\bin\npt.dll
0x0000000073c40000 - 0x0000000073c56000 	C:\Program Files\Java\jre1.8.0_171\bin\zip.dll
0x00007fffa20b0000 - 0x00007fffa2797000 	C:\Windows\System32\SHELL32.dll
0x00007fffa1420000 - 0x00007fffa14c9000 	C:\Windows\System32\shcore.dll
0x00007fffa0400000 - 0x00007fffa0b81000 	C:\Windows\System32\windows.storage.dll
0x00007fff9fb30000 - 0x00007fff9fb53000 	C:\Windows\System32\profapi.dll
0x00007fff9fb80000 - 0x00007fff9fbca000 	C:\Windows\System32\powrprof.dll
0x00007fff9fb00000 - 0x00007fff9fb10000 	C:\Windows\System32\UMPDC.dll
0x00007fffa1900000 - 0x00007fffa1952000 	C:\Windows\System32\shlwapi.dll
0x00007fff9fb60000 - 0x00007fff9fb71000 	C:\Windows\System32\kernel.appcore.dll
0x00007fff9ffb0000 - 0x00007fff9ffc7000 	C:\Windows\System32\cryptsp.dll
0x0000000073080000 - 0x0000000073089000 	C:\Program Files\Java\jre1.8.0_171\bin\dt_socket.dll
0x00007fff86d70000 - 0x00007fff86d86000 	C:\Windows\system32\napinsp.dll
0x00007fff86d50000 - 0x00007fff86d6a000 	C:\Windows\system32\pnrpnsp.dll
0x00007fff9f300000 - 0x00007fff9f367000 	C:\Windows\System32\mswsock.dll
0x00007fff9f060000 - 0x00007fff9f12b000 	C:\Windows\SYSTEM32\DNSAPI.dll
0x00007fffa1a30000 - 0x00007fffa1a38000 	C:\Windows\System32\NSI.dll
0x00007fff9f020000 - 0x00007fff9f05a000 	C:\Windows\SYSTEM32\IPHLPAPI.DLL
0x00007fff86d40000 - 0x00007fff86d4e000 	C:\Windows\System32\winrnr.dll
0x00007fff9c6c0000 - 0x00007fff9c6dc000 	C:\Windows\system32\NLAapi.dll
0x00007fff86bd0000 - 0x00007fff86be5000 	C:\Windows\system32\wshbth.dll
0x00007fff99b90000 - 0x00007fff99c07000 	C:\Windows\System32\fwpuclnt.dll
0x00007fffa0c90000 - 0x00007fffa0cb6000 	C:\Windows\System32\bcrypt.dll
0x00007fff89500000 - 0x00007fff8950a000 	C:\Windows\System32\rasadhlp.dll
0x0000000073070000 - 0x000000007307d000 	C:\Program Files\Java\jre1.8.0_171\bin\management.dll
0x0000000073c20000 - 0x0000000073c3a000 	C:\Program Files\Java\jre1.8.0_171\bin\net.dll
0x0000000073c00000 - 0x0000000073c11000 	C:\Program Files\Java\jre1.8.0_171\bin\nio.dll
0x00007fff9ee80000 - 0x00007fff9eeb3000 	C:\Windows\system32\rsaenh.dll
0x00007fff9fa20000 - 0x00007fff9fa45000 	C:\Windows\SYSTEM32\USERENV.dll
0x00007fff9f480000 - 0x00007fff9f48c000 	C:\Windows\SYSTEM32\CRYPTBASE.dll
0x00007fff9a470000 - 0x00007fff9a486000 	C:\Windows\SYSTEM32\dhcpcsvc6.DLL
0x00007fff9a450000 - 0x00007fff9a46c000 	C:\Windows\SYSTEM32\dhcpcsvc.DLL
0x00007fff81c50000 - 0x00007fff81c9a000 	C:\Windows\System32\libzkfp.dll
0x00007fffa0f80000 - 0x00007fffa1045000 	C:\Windows\System32\OLEAUT32.dll
0x00007fff950d0000 - 0x00007fff950ee000 	C:\Windows\SYSTEM32\ZKFPCap.dll
0x00007fff81b50000 - 0x00007fff81c42000 	C:\Windows\SYSTEM32\fpslib.dll
0x00007fff913c0000 - 0x00007fff913dd000 	C:\Windows\SYSTEM32\ZKFPSensors\libidfprcap.dll
0x00007fffa1b90000 - 0x00007fffa2000000 	C:\Windows\System32\SETUPAPI.dll
0x00007fff8e890000 - 0x00007fff8e8bd000 	C:\Windows\SYSTEM32\ZKFPSensors\libsilkidcap.dll
0x00007fff913a0000 - 0x00007fff913bc000 	C:\Windows\SYSTEM32\libzksensorcore.dll
0x0000000073050000 - 0x0000000073065000 	C:\Windows\SYSTEM32\libusb0.dll
0x00007fff79780000 - 0x00007fff797c8000 	C:\Windows\SYSTEM32\ZKFPSensors\libzklibcap.dll
0x0000000180000000 - 0x0000000180022000 	C:\Windows\SYSTEM32\zkfpslibLow.dll
0x00000000230c0000 - 0x00000000237d0000 	C:\Windows\SYSTEM32\fppswsk.dll
0x00007fff900a0000 - 0x00007fff90129000 	C:\Windows\SYSTEM32\WINSPOOL.DRV
0x00007fff9bda0000 - 0x00007fff9be90000 	C:\Windows\SYSTEM32\PROPSYS.dll
0x00007fff9f8f0000 - 0x00007fff9f91a000 	C:\Windows\SYSTEM32\DEVOBJ.dll
0x00007fff9fe10000 - 0x00007fff9fe6c000 	C:\Windows\System32\WINTRUST.dll
0x00007fff9fb10000 - 0x00007fff9fb22000 	C:\Windows\System32\MSASN1.dll
0x00007fff9ffd0000 - 0x00007fffa0119000 	C:\Windows\System32\CRYPT32.dll
0x00007fff876f0000 - 0x00007fff878e4000 	C:\Windows\SYSTEM32\dbghelp.dll

VM Arguments:
jvm_args: -agentlib:jdwp=transport=dt_socket,suspend=y,address=localhost:58255 -Dcom.sun.management.jmxremote -Dcom.sun.management.jmxremote.port=58254 -Dcom.sun.management.jmxremote.authenticate=false -Dcom.sun.management.jmxremote.ssl=false -Djava.rmi.server.hostname=localhost -Dspring.liveBeansView.mbeanDomain -Dspring.application.admin.enabled=true -Xverify:none -XX:TieredStopAtLevel=1 -Dfile.encoding=UTF-8 
java_command: com.fms.fingerprint.FmsFingerprintServiceApplication --spring.output.ansi.enabled=always
java_class_path (initial): C:\Users\naufa\git\fms\target\classes;C:\Users\naufa\.m2\repository\org\springframework\boot\spring-boot-starter\2.3.7.RELEASE\spring-boot-starter-2.3.7.RELEASE.jar;C:\Users\naufa\.m2\repository\org\springframework\boot\spring-boot\2.3.7.RELEASE\spring-boot-2.3.7.RELEASE.jar;C:\Users\naufa\.m2\repository\org\springframework\spring-context\5.2.12.RELEASE\spring-context-5.2.12.RELEASE.jar;C:\Users\naufa\.m2\repository\org\springframework\boot\spring-boot-autoconfigure\2.3.7.RELEASE\spring-boot-autoconfigure-2.3.7.RELEASE.jar;C:\Users\naufa\.m2\repository\org\springframework\boot\spring-boot-starter-logging\2.3.7.RELEASE\spring-boot-starter-logging-2.3.7.RELEASE.jar;C:\Users\naufa\.m2\repository\ch\qos\logback\logback-classic\1.2.3\logback-classic-1.2.3.jar;C:\Users\naufa\.m2\repository\ch\qos\logback\logback-core\1.2.3\logback-core-1.2.3.jar;C:\Users\naufa\.m2\repository\org\apache\logging\log4j\log4j-to-slf4j\2.13.3\log4j-to-slf4j-2.13.3.jar;C:\Users\naufa\.m2\repository\org\apache\logging\log4j\log4j-api\2.13.3\log4j-api-2.13.3.jar;C:\Users\naufa\.m2\repository\org\slf4j\jul-to-slf4j\1.7.30\jul-to-slf4j-1.7.30.jar;C:\Users\naufa\.m2\repository\jakarta\annotation\jakarta.annotation-api\1.3.5\jakarta.annotation-api-1.3.5.jar;C:\Users\naufa\.m2\repository\org\springframework\spring-core\5.2.12.RELEASE\spring-core-5.2.12.RELEASE.jar;C:\Users\naufa\.m2\repository\org\springframework\spring-jcl\5.2.12.RELEASE\spring-jcl-5.2.12.RELEASE.jar;C:\Users\naufa\.m2\repository\org\yaml\snakeyaml\1.26\snakeyaml-1.26.jar;C:\Users\naufa\.m2\repository\org\slf4j\slf4j-api\1.7.30\slf4j-api-1.7.30.jar;C:\Users\naufa\git\fms\ZKFingerDemo.jar;C:\Users\naufa\.m2\repository\org\springframework\boot\spring-boot-starter-web\2.3.7.RELEASE\spring-boot-starter-web-2.3.7.RELEASE.jar;C:\Users\naufa\.m2\repository\org\springframework\boot\spring-boot-starter-json\2.3.7.RELEASE\spring-boot-starter-json-2.3.7.RELEASE.jar;C:\Users\naufa\.m2\repository\com\fasterxml\jackson
Launcher Type: SUN_STANDARD

Environment Variables:
JAVA_HOME=C:\Program Files\Java\jdk1.8.0_211
CLASSPATH=.;
PATH=C:/Program Files/Java/jre1.8.0_171/bin/server;C:/Program Files/Java/jre1.8.0_171/bin;C:/Program Files/Java/jre1.8.0_171/lib/amd64;c:\program files (x86)\common files\intel\shared libraries\redist\intel64_win\compiler;c:\program files (x86)\common files\intel\shared libraries\redist\intel64_win\compiler;c:\program files (x86)\common files\oracle\java\javapath;c:\windows\system32;c:\windows;c:\windows\system32\wbem;c:\windows\system32\windowspowershell\v1.0\;c:\windows\system32\openssh\;c:\xampp\mysql\bin;c:\program files\git\cmd;c:\mingw\bin;c:\program files\nodejs\;c:\program files\nvidia corporation\nvidia nvdlisr;c:\openssl-0.9.8k_win32\bin;c:\program files (x86)\microsoft sql server\150\dts\binn\;c:\program files\postgresql\12\bin;c:\gradle-6.3\bin;c:\programdata\chocolatey\bin;c:\program files\java\jdk1.8.0_211\bin;e:\devtools\android\sdk\platform-tools;c:\go\bin;c:\program files\tortoisesvn\bin;h:\devtools\java\apache-maven-3.6.3\bin;h:\devtools\java\apache-ant-1.9.15\bin;C:\Program Files (x86)\NVIDIA Corporation\PhysX\Common;C:\Program Files\Docker\Docker\resources\bin;C:\ProgramData\DockerDesktop\version-bin;H:\DevTools\android\flutter\bin;C:\Users\naufa\AppData\Local\Programs\Python\Python39\Scripts\;C:\Users\naufa\AppData\Local\Programs\Python\Python39\;C:\Users\naufa\AppData\Local\Microsoft\WindowsApps;C:\Program Files\Java\jdk1.8.0_211\bin;C:\Users\naufa\AppData\Local\Programs\Microsoft VS Code\bin;C:\Users\naufa\AppData\Roaming\npm;C:\Program Files\heroku\bin;C:\DevTools\sts-bundle\sts-3.9.7.RELEASE;
USERNAME=naufa
OS=Windows_NT
PROCESSOR_IDENTIFIER=Intel64 Family 6 Model 165 Stepping 3, GenuineIntel



---------------  S Y S T E M  ---------------

OS: Windows 10.0 , 64 bit Build 18362 (10.0.18362.1110)

CPU:total 8 (initial active 8) (4 cores per cpu, 2 threads per core) family 6 model 165 stepping 3, cmov, cx8, fxsr, mmx, sse, sse2, sse3, ssse3, sse4.1, sse4.2, popcnt, avx, avx2, aes, clmul, erms, 3dnowpref, lzcnt, ht, tsc, tscinvbit, bmi1, bmi2, adx

Memory: 4k page, physical 16681360k(8243224k free), swap 30837136k(16372336k free)

vm_info: Java HotSpot(TM) 64-Bit Server VM (25.171-b11) for windows-amd64 JRE (1.8.0_171-b11), built on Mar 28 2018 16:06:12 by "java_re" with MS VC++ 10.0 (VS2010)

time: Thu Jan 07 05:49:41 2021
elapsed time: 341 seconds (0d 0h 5m 41s)

